# JRE version: OpenJDK Runtime Environment (8.0_212-b04) (build 1.8.0_212-b04)
# Java VM: OpenJDK 64-Bit Server VM (25.212-b04 mixed mode windows-amd64 compressed oops)
Heap:
 PSYoungGen      total 243200K, used 156481K [0x00000000d5580000, 0x00000000e5980000, 0x0000000100000000)
  eden space 228352K, 68% used [0x00000000d5580000,0x00000000dee50500,0x00000000e3480000)
  from space 14848K, 0% used [0x00000000e4300000,0x00000000e4300000,0x00000000e5180000)
  to   space 14848K, 0% used [0x00000000e3480000,0x00000000e3480000,0x00000000e4300000)
 ParOldGen       total 124928K, used 13459K [0x0000000080000000, 0x0000000087a00000, 0x00000000d5580000)
  object space 124928K, 10% used [0x0000000080000000,0x0000000080d24c98,0x0000000087a00000)
 Metaspace       used 42128K, capacity 44300K, committed 44584K, reserved 1087488K
  class space    used 5903K, capacity 6340K, committed 6440K, reserved 1048576K
GC Heap History (10 events):
Event: 3.065 GC heap before
{Heap before GC invocations=4 (full 0):
 PSYoungGen      total 75776K, used 43530K [0x00000000d5580000, 0x00000000de980000, 0x0000000100000000)
  eden space 65024K, 50% used [0x00000000d5580000,0x00000000d7587fa8,0x00000000d9500000)
  from space 10752K, 99% used [0x00000000d9500000,0x00000000d9f7abb0,0x00000000d9f80000)
  to   space 10752K, 0% used [0x00000000ddf00000,0x00000000ddf00000,0x00000000de980000)
 ParOldGen       total 173568K, used 40K [0x0000000080000000, 0x000000008a980000, 0x00000000d5580000)
  object space 173568K, 0% used [0x0000000080000000,0x000000008000a000,0x000000008a980000)
 Metaspace       used 20488K, capacity 21248K, committed 21296K, reserved 1067008K
  class space    used 2946K, capacity 3176K, committed 3200K, reserved 1048576K
Event: 3.070 GC heap after
Heap after GC invocations=4 (full 0):
 PSYoungGen      total 140800K, used 9649K [0x00000000d5580000, 0x00000000de980000, 0x0000000100000000)
  eden space 130048K, 0% used [0x00000000d5580000,0x00000000d5580000,0x00000000dd480000)
  from space 10752K, 89% used [0x00000000ddf00000,0x00000000de86c400,0x00000000de980000)
  to   space 10752K, 0% used [0x00000000dd480000,0x00000000dd480000,0x00000000ddf00000)
 ParOldGen       total 173568K, used 48K [0x0000000080000000, 0x000000008a980000, 0x00000000d5580000)
  object space 173568K, 0% used [0x0000000080000000,0x000000008000c000,0x000000008a980000)
 Metaspace       used 20488K, capacity 21248K, committed 21296K, reserved 1067008K
  class space    used 2946K, capacity 3176K, committed 3200K, reserved 1048576K
}
Event: 3.070 GC heap before
{Heap before GC invocations=5 (full 1):
 PSYoungGen      total 140800K, used 9649K [0x00000000d5580000, 0x00000000de980000, 0x0000000100000000)
  eden space 130048K, 0% used [0x00000000d5580000,0x00000000d5580000,0x00000000dd480000)
  from space 10752K, 89% used [0x00000000ddf00000,0x00000000de86c400,0x00000000de980000)
  to   space 10752K, 0% used [0x00000000dd480000,0x00000000dd480000,0x00000000ddf00000)
 ParOldGen       total 173568K, used 48K [0x0000000080000000, 0x000000008a980000, 0x00000000d5580000)
  object space 173568K, 0% used [0x0000000080000000,0x000000008000c000,0x000000008a980000)
 Metaspace       used 20488K, capacity 21248K, committed 21296K, reserved 1067008K
  class space    used 2946K, capacity 3176K, committed 3200K, reserved 1048576K
Event: 3.086 GC heap after
Heap after GC invocations=5 (full 1):
 PSYoungGen      total 140800K, used 0K [0x00000000d5580000, 0x00000000de980000, 0x0000000100000000)
  eden space 130048K, 0% used [0x00000000d5580000,0x00000000d5580000,0x00000000dd480000)
  from space 10752K, 0% used [0x00000000ddf00000,0x00000000ddf00000,0x00000000de980000)
  to   space 10752K, 0% used [0x00000000dd480000,0x00000000dd480000,0x00000000ddf00000)
 ParOldGen       total 89600K, used 9306K [0x0000000080000000, 0x0000000085780000, 0x00000000d5580000)
  object space 89600K, 10% used [0x0000000080000000,0x0000000080916ab0,0x0000000085780000)
 Metaspace       used 20488K, capacity 21248K, committed 21296K, reserved 1067008K
  class space    used 2946K, capacity 3176K, committed 3200K, reserved 1048576K
}
Event: 3.934 GC heap before
{Heap before GC invocations=6 (full 1):
 PSYoungGen      total 140800K, used 130048K [0x00000000d5580000, 0x00000000de980000, 0x0000000100000000)
  eden space 130048K, 100% used [0x00000000d5580000,0x00000000dd480000,0x00000000dd480000)
  from space 10752K, 0% used [0x00000000ddf00000,0x00000000ddf00000,0x00000000de980000)
  to   space 10752K, 0% used [0x00000000dd480000,0x00000000dd480000,0x00000000ddf00000)
 ParOldGen       total 89600K, used 9306K [0x0000000080000000, 0x0000000085780000, 0x00000000d5580000)
  object space 89600K, 10% used [0x0000000080000000,0x0000000080916ab0,0x0000000085780000)
 Metaspace       used 32773K, capacity 34118K, committed 34432K, reserved 1079296K
  class space    used 4603K, capacity 4912K, committed 4992K, reserved 1048576K
Event: 3.942 GC heap after
Heap after GC invocations=6 (full 1):
 PSYoungGen      total 140800K, used 10720K [0x00000000d5580000, 0x00000000e5180000, 0x0000000100000000)
  eden space 130048K, 0% used [0x00000000d5580000,0x00000000d5580000,0x00000000dd480000)
  from space 10752K, 99% used [0x00000000dd480000,0x00000000ddef83f0,0x00000000ddf00000)
  to   space 14848K, 0% used [0x00000000e4300000,0x00000000e4300000,0x00000000e5180000)
 ParOldGen       total 89600K, used 12084K [0x0000000080000000, 0x0000000085780000, 0x00000000d5580000)
  object space 89600K, 13% used [0x0000000080000000,0x0000000080bcd340,0x0000000085780000)
 Metaspace       used 32773K, capacity 34118K, committed 34432K, reserved 1079296K
  class space    used 4603K, capacity 4912K, committed 4992K, reserved 1048576K
}
Event: 4.024 GC heap before
{Heap before GC invocations=7 (full 1):
 PSYoungGen      total 140800K, used 25339K [0x00000000d5580000, 0x00000000e5180000, 0x0000000100000000)
  eden space 130048K, 11% used [0x00000000d5580000,0x00000000d63c69a8,0x00000000dd480000)
  from space 10752K, 99% used [0x00000000dd480000,0x00000000ddef83f0,0x00000000ddf00000)
  to   space 14848K, 0% used [0x00000000e4300000,0x00000000e4300000,0x00000000e5180000)
 ParOldGen       total 89600K, used 12084K [0x0000000080000000, 0x0000000085780000, 0x00000000d5580000)
  object space 89600K, 13% used [0x0000000080000000,0x0000000080bcd340,0x0000000085780000)
 Metaspace       used 34136K, capacity 35416K, committed 35496K, reserved 1079296K
  class space    used 4692K, capacity 4993K, committed 5032K, reserved 1048576K
Event: 4.028 GC heap after
Heap after GC invocations=7 (full 1):
 PSYoungGen      total 243200K, used 6269K [0x00000000d5580000, 0x00000000e5980000, 0x0000000100000000)
  eden space 228352K, 0% used [0x00000000d5580000,0x00000000d5580000,0x00000000e3480000)
  from space 14848K, 42% used [0x00000000e4300000,0x00000000e491f5f8,0x00000000e5180000)
  to   space 14848K, 0% used [0x00000000e3480000,0x00000000e3480000,0x00000000e4300000)
 ParOldGen       total 89600K, used 12092K [0x0000000080000000, 0x0000000085780000, 0x00000000d5580000)
  object space 89600K, 13% used [0x0000000080000000,0x0000000080bcf340,0x0000000085780000)
 Metaspace       used 34136K, capacity 35416K, committed 35496K, reserved 1079296K
  class space    used 4692K, capacity 4993K, committed 5032K, reserved 1048576K
}
Event: 4.028 GC heap before
{Heap before GC invocations=8 (full 2):
 PSYoungGen      total 243200K, used 6269K [0x00000000d5580000, 0x00000000e5980000, 0x0000000100000000)
  eden space 228352K, 0% used [0x00000000d5580000,0x00000000d5580000,0x00000000e3480000)
  from space 14848K, 42% used [0x00000000e4300000,0x00000000e491f5f8,0x00000000e5180000)
  to   space 14848K, 0% used [0x00000000e3480000,0x00000000e3480000,0x00000000e4300000)
 ParOldGen       total 89600K, used 12092K [0x0000000080000000, 0x0000000085780000, 0x00000000d5580000)
  object space 89600K, 13% used [0x0000000080000000,0x0000000080bcf340,0x0000000085780000)
 Metaspace       used 34136K, capacity 35416K, committed 35496K, reserved 1079296K
  class space    used 4692K, capacity 4993K, committed 5032K, reserved 1048576K
Event: 4.048 GC heap after
Heap after GC invocations=8 (full 2):
 PSYoungGen      total 243200K, used 0K [0x00000000d5580000, 0x00000000e5980000, 0x0000000100000000)
  eden space 228352K, 0% used [0x00000000d5580000,0x00000000d5580000,0x00000000e3480000)
  from space 14848K, 0% used [0x00000000e4300000,0x00000000e4300000,0x00000000e5180000)
  to   space 14848K, 0% used [0x00000000e3480000,0x00000000e3480000,0x00000000e4300000)
 ParOldGen       total 124928K, used 13459K [0x0000000080000000, 0x0000000087a00000, 0x00000000d5580000)
  object space 124928K, 10% used [0x0000000080000000,0x0000000080d24c98,0x0000000087a00000)
 Metaspace       used 34136K, capacity 35416K, committed 35496K, reserved 1079296K
  class space    used 4692K, capacity 4993K, committed 5032K, reserved 1048576K
}

